<?xml version="1.0" encoding="UTF-8"?>
<testng-results skipped="0" failed="0" total="1" passed="1">
  <reporter-output>
  </reporter-output>
  <suite name="Default suite" duration-ms="8748" started-at="2019-11-26T13:33:01Z" finished-at="2019-11-26T13:33:10Z">
    <groups>
    </groups>
    <test name="Default test" duration-ms="8748" started-at="2019-11-26T13:33:01Z" finished-at="2019-11-26T13:33:10Z">
      <class name="tests.HomePageTests">
        <test-method status="PASS" signature="beforeMethod()[pri:0, instance:tests.HomePageTests@35851384]" name="beforeMethod" is-config="true" duration-ms="8364" started-at="2019-11-26T15:33:01Z" finished-at="2019-11-26T15:33:10Z">
          <reporter-output>
          </reporter-output>
        </test-method> <!-- beforeMethod -->
        <test-method status="PASS" signature="SingleInputFieldTest()[pri:0, instance:tests.HomePageTests@35851384]" name="SingleInputFieldTest" duration-ms="367" started-at="2019-11-26T15:33:10Z" finished-at="2019-11-26T15:33:10Z">
          <reporter-output>
          </reporter-output>
        </test-method> <!-- SingleInputFieldTest -->
        <test-method status="PASS" signature="afterMethod()[pri:0, instance:tests.HomePageTests@35851384]" name="afterMethod" is-config="true" duration-ms="0" started-at="2019-11-26T15:33:10Z" finished-at="2019-11-26T15:33:10Z">
          <reporter-output>
          </reporter-output>
        </test-method> <!-- afterMethod -->
      </class> <!-- tests.HomePageTests -->
    </test> <!-- Default test -->
  </suite> <!-- Default suite -->
</testng-results>
